<?xml version="1.0" encoding="UTF-8"?>
<!-- Generated by org.testng.reporters.JUnitReportReporter -->
<testsuite hostname="Keerthi" failures="0" tests="1" name="testScripts.AddCourseTest" time="15.502" errors="0" timestamp="2024-02-02T12:38:22 IST" skipped="0">
  <testcase classname="testScripts.AddCourseTest" name="addCourseTest" time="15.502"/>
  <system-out/>
</testsuite> <!-- testScripts.AddCourseTest -->
